2024-10-29 15:47:25,210 - DEBUG - Using proactor: IocpProactor
2024-10-29 15:47:25,210 - INFO - Processing 235 failed ISBNs
2024-10-29 15:47:36,643 - WARNING - Failed to retrieve data for ISBN 9780892760855 from fallback sources
2024-10-29 15:47:47,561 - INFO - Saved book information for ISBN 9780061241895 from amazon
2024-10-29 15:47:47,561 - INFO - Successfully retrieved data for ISBN 9780061241895 from fallback sources
2024-10-29 15:47:49,655 - WARNING - Failed to retrieve data for ISBN 630809687838 from fallback sources
2024-10-29 15:47:51,249 - WARNING - Failed to retrieve data for ISBN 9781663967916 from fallback sources
2024-10-29 15:48:00,659 - INFO - Saved book information for ISBN 9780800798673 from amazon
2024-10-29 15:48:00,659 - INFO - Successfully retrieved data for ISBN 9780800798673 from fallback sources
2024-10-29 15:48:08,717 - INFO - Saved book information for ISBN 9780883687970 from amazon
2024-10-29 15:48:08,717 - INFO - Successfully retrieved data for ISBN 9780883687970 from fallback sources
2024-10-29 15:48:17,021 - INFO - Saved book information for ISBN 9780800799847 from amazon
2024-10-29 15:48:17,021 - INFO - Successfully retrieved data for ISBN 9780800799847 from fallback sources
2024-10-29 15:48:18,619 - WARNING - Failed to retrieve data for ISBN 9780871005168 from fallback sources
2024-10-29 15:48:20,066 - WARNING - Failed to retrieve data for ISBN 9781907406133 from fallback sources
2024-10-29 15:48:21,568 - WARNING - Failed to retrieve data for ISBN 9781907406300 from fallback sources
2024-10-29 15:48:28,817 - INFO - Saved book information for ISBN 9780976035770 from amazon
2024-10-29 15:48:28,818 - INFO - Successfully retrieved data for ISBN 9780976035770 from fallback sources
2024-10-29 15:48:37,083 - INFO - Saved book information for ISBN 9780883685235 from amazon
2024-10-29 15:48:37,084 - INFO - Successfully retrieved data for ISBN 9780883685235 from fallback sources
2024-10-29 15:48:45,631 - INFO - Saved book information for ISBN 9780800738549 from amazon
2024-10-29 15:48:45,631 - INFO - Successfully retrieved data for ISBN 9780800738549 from fallback sources
2024-10-29 15:48:56,403 - INFO - Saved book information for ISBN 9780892767366 from amazon
2024-10-29 15:48:56,403 - INFO - Successfully retrieved data for ISBN 9780892767366 from fallback sources
2024-10-29 15:49:04,891 - INFO - Saved book information for ISBN 9781890900366 from amazon
2024-10-29 15:49:04,891 - INFO - Successfully retrieved data for ISBN 9781890900366 from fallback sources
2024-10-29 15:49:14,193 - INFO - Saved book information for ISBN 9780768422825 from amazon
2024-10-29 15:49:14,193 - INFO - Successfully retrieved data for ISBN 9780768422825 from fallback sources
2024-10-29 15:49:21,668 - INFO - Saved book information for ISBN 9780768422825 from amazon
2024-10-29 15:49:21,668 - INFO - Successfully retrieved data for ISBN 9780768422825 from fallback sources
2024-10-29 15:49:30,056 - WARNING - Failed to retrieve data for ISBN 9780768407846 from fallback sources
2024-10-29 15:49:39,661 - INFO - Saved book information for ISBN 9780736921336 from amazon
2024-10-29 15:49:39,661 - INFO - Successfully retrieved data for ISBN 9780736921336 from fallback sources
2024-10-29 15:49:47,402 - INFO - Saved book information for ISBN 9780881147254 from amazon
2024-10-29 15:49:47,403 - INFO - Successfully retrieved data for ISBN 9780881147254 from fallback sources
2024-10-29 15:49:57,143 - INFO - Saved book information for ISBN 9780892767380 from amazon
2024-10-29 15:49:57,143 - INFO - Successfully retrieved data for ISBN 9780892767380 from fallback sources
2024-10-29 15:49:58,620 - WARNING - Failed to retrieve data for ISBN 9781907406010 from fallback sources
2024-10-29 15:50:00,387 - WARNING - Failed to retrieve data for ISBN 9781907406324 from fallback sources
2024-10-29 15:50:02,042 - WARNING - Failed to retrieve data for ISBN 9781907406089 from fallback sources
2024-10-29 15:50:03,170 - WARNING - Failed to retrieve data for ISBN 9781907406188 from fallback sources
2024-10-29 15:50:04,267 - WARNING - Failed to retrieve data for ISBN 9780899850269 from fallback sources
2024-10-29 15:50:13,580 - INFO - Saved book information for ISBN 9781621362302 from amazon
2024-10-29 15:50:13,581 - INFO - Successfully retrieved data for ISBN 9781621362302 from fallback sources
2024-10-29 15:50:20,498 - INFO - Saved book information for ISBN 9781599794525 from amazon
2024-10-29 15:50:20,498 - INFO - Successfully retrieved data for ISBN 9781599794525 from fallback sources
2024-10-29 15:50:29,461 - WARNING - Failed to retrieve data for ISBN 9780768445428 from fallback sources
2024-10-29 15:50:40,231 - INFO - Saved book information for ISBN 9780736928021 from amazon
2024-10-29 15:50:40,231 - INFO - Successfully retrieved data for ISBN 9780736928021 from fallback sources
2024-10-29 15:50:48,740 - INFO - Saved book information for ISBN 9780768423617 from amazon
2024-10-29 15:50:48,740 - INFO - Successfully retrieved data for ISBN 9780768423617 from fallback sources
2024-10-29 15:50:56,262 - INFO - Saved book information for ISBN 9780882704586 from amazon
2024-10-29 15:50:56,262 - INFO - Successfully retrieved data for ISBN 9780882704586 from fallback sources
2024-10-29 15:51:05,543 - INFO - Saved book information for ISBN 9781562922184 from amazon
2024-10-29 15:51:05,543 - INFO - Successfully retrieved data for ISBN 9781562922184 from fallback sources
2024-10-29 15:51:13,266 - INFO - Saved book information for ISBN 9780768420470 from amazon
2024-10-29 15:51:13,266 - INFO - Successfully retrieved data for ISBN 9780768420470 from fallback sources
2024-10-29 15:51:21,924 - WARNING - Failed to retrieve data for ISBN 9781407563992 from fallback sources
2024-10-29 15:51:31,786 - INFO - Saved book information for ISBN 9780768428353 from amazon
2024-10-29 15:51:31,787 - INFO - Successfully retrieved data for ISBN 9780768428353 from fallback sources
2024-10-29 15:51:41,199 - WARNING - Failed to retrieve data for ISBN 9780768428353 from fallback sources
2024-10-29 15:51:49,993 - INFO - Saved book information for ISBN 9780884194842 from amazon
2024-10-29 15:51:49,994 - INFO - Successfully retrieved data for ISBN 9780884194842 from fallback sources
2024-10-29 15:52:00,092 - INFO - Saved book information for ISBN 9780310276654 from amazon
2024-10-29 15:52:00,093 - INFO - Successfully retrieved data for ISBN 9780310276654 from fallback sources
2024-10-29 15:52:08,126 - INFO - Saved book information for ISBN 9781407563978 from amazon
2024-10-29 15:52:08,126 - INFO - Successfully retrieved data for ISBN 9781407563978 from fallback sources
2024-10-29 15:52:17,330 - WARNING - Failed to retrieve data for ISBN 9781581694161 from fallback sources
2024-10-29 15:52:25,713 - WARNING - Failed to retrieve data for ISBN 9781890430351 from fallback sources
2024-10-29 15:52:34,662 - INFO - Saved book information for ISBN 9780875095370 from amazon
2024-10-29 15:52:34,663 - INFO - Successfully retrieved data for ISBN 9780875095370 from fallback sources
2024-10-29 15:52:42,632 - INFO - Saved book information for ISBN 9781599790619 from amazon
2024-10-29 15:52:42,632 - INFO - Successfully retrieved data for ISBN 9781599790619 from fallback sources
2024-10-29 15:52:50,897 - INFO - Saved book information for ISBN 9780883681916 from amazon
2024-10-29 15:52:50,898 - INFO - Successfully retrieved data for ISBN 9780883681916 from fallback sources
2024-10-29 15:52:59,389 - INFO - Saved book information for ISBN 9780882708294 from amazon
2024-10-29 15:52:59,389 - INFO - Successfully retrieved data for ISBN 9780882708294 from fallback sources
2024-10-29 15:53:01,028 - WARNING - Failed to retrieve data for ISBN 9781602700000 from fallback sources
2024-10-29 15:53:09,664 - INFO - Saved book information for ISBN 9781577948766 from amazon
2024-10-29 15:53:09,665 - INFO - Successfully retrieved data for ISBN 9781577948766 from fallback sources
2024-10-29 15:53:17,570 - INFO - Saved book information for ISBN 9781581694147 from amazon
2024-10-29 15:53:17,570 - INFO - Successfully retrieved data for ISBN 9781581694147 from fallback sources
2024-10-29 15:53:26,763 - INFO - Saved book information for ISBN 9780768447248 from amazon
2024-10-29 15:53:26,763 - INFO - Successfully retrieved data for ISBN 9780768447248 from fallback sources
2024-10-29 15:53:35,901 - INFO - Saved book information for ISBN 9781599790619 from amazon
2024-10-29 15:53:35,901 - INFO - Successfully retrieved data for ISBN 9781599790619 from fallback sources
2024-10-29 15:53:44,597 - INFO - Saved book information for ISBN 9780875095370 from amazon
2024-10-29 15:53:44,598 - INFO - Successfully retrieved data for ISBN 9780875095370 from fallback sources
2024-10-29 15:53:53,367 - INFO - Saved book information for ISBN 9781575629414 from amazon
2024-10-29 15:53:53,367 - INFO - Successfully retrieved data for ISBN 9781575629414 from fallback sources
2024-10-29 15:53:54,511 - WARNING - Failed to retrieve data for ISBN 9781907406119 from fallback sources
2024-10-29 15:53:56,376 - WARNING - Failed to retrieve data for ISBN 9781907406294 from fallback sources
2024-10-29 15:53:57,973 - WARNING - Failed to retrieve data for ISBN 9781907406126 from fallback sources
2024-10-29 15:53:59,055 - WARNING - Failed to retrieve data for ISBN 9781594521249 from fallback sources
2024-10-29 15:54:07,917 - INFO - Saved book information for ISBN 9780768425970 from amazon
2024-10-29 15:54:07,917 - INFO - Successfully retrieved data for ISBN 9780768425970 from fallback sources
2024-10-29 15:54:19,205 - INFO - Saved book information for ISBN 9780892760749 from amazon
2024-10-29 15:54:19,205 - INFO - Successfully retrieved data for ISBN 9780892760749 from fallback sources
2024-10-29 15:54:28,650 - INFO - Saved book information for ISBN 9781908040824 from amazon
2024-10-29 15:54:28,650 - INFO - Successfully retrieved data for ISBN 9781908040824 from fallback sources
2024-10-29 15:54:30,117 - WARNING - Failed to retrieve data for ISBN 9781621332886 from fallback sources
2024-10-29 15:54:31,543 - WARNING - Failed to retrieve data for ISBN 9788102174003 from fallback sources
2024-10-29 15:54:33,045 - WARNING - Failed to retrieve data for ISBN 9783719955007 from fallback sources
2024-10-29 15:54:42,268 - INFO - Saved book information for ISBN 9780892744039 from amazon
2024-10-29 15:54:42,268 - INFO - Successfully retrieved data for ISBN 9780892744039 from fallback sources
2024-10-29 15:54:44,080 - WARNING - Failed to retrieve data for ISBN 9781907406171 from fallback sources
2024-10-29 15:54:52,041 - INFO - Saved book information for ISBN 9780768427219 from amazon
2024-10-29 15:54:52,042 - INFO - Successfully retrieved data for ISBN 9780768427219 from fallback sources
2024-10-29 15:54:52,983 - WARNING - Failed to retrieve data for ISBN 9787883720829 from fallback sources
2024-10-29 15:55:03,039 - INFO - Saved book information for ISBN 9780768426564 from amazon
2024-10-29 15:55:03,040 - INFO - Successfully retrieved data for ISBN 9780768426564 from fallback sources
2024-10-29 15:55:04,039 - WARNING - Failed to retrieve data for ISBN 9780768442342 from fallback sources
2024-10-29 15:55:05,693 - WARNING - Failed to retrieve data for ISBN 25986261948 from fallback sources
2024-10-29 15:55:06,680 - WARNING - Failed to retrieve data for ISBN 25986261894 from fallback sources
2024-10-29 15:55:14,004 - WARNING - Failed to retrieve data for ISBN 874177002507 from fallback sources
2024-10-29 15:55:22,594 - WARNING - Failed to retrieve data for ISBN 874177008721 from fallback sources
2024-10-29 15:55:31,151 - WARNING - Failed to retrieve data for ISBN 850880001310 from fallback sources
2024-10-29 15:55:39,332 - INFO - Saved book information for ISBN 874177002415 from amazon
2024-10-29 15:55:39,333 - INFO - Successfully retrieved data for ISBN 874177002415 from fallback sources
2024-10-29 15:55:47,971 - INFO - Saved book information for ISBN 9781585880126 from amazon
2024-10-29 15:55:47,972 - INFO - Successfully retrieved data for ISBN 9781585880126 from fallback sources
2024-10-29 15:55:56,573 - INFO - Saved book information for ISBN 9780736918985 from amazon
2024-10-29 15:55:56,573 - INFO - Successfully retrieved data for ISBN 9780736918985 from fallback sources
2024-10-29 15:56:07,111 - INFO - Saved book information for ISBN 9781591856641 from amazon
2024-10-29 15:56:07,121 - INFO - Successfully retrieved data for ISBN 9781591856641 from fallback sources
2024-10-29 15:56:09,272 - WARNING - Failed to retrieve data for ISBN 630809686930 from fallback sources
2024-10-29 15:56:18,512 - INFO - Saved book information for ISBN 9789782480309 from amazon
2024-10-29 15:56:18,513 - INFO - Successfully retrieved data for ISBN 9789782480309 from fallback sources
2024-10-29 15:56:29,217 - INFO - Saved book information for ISBN 9789782480897 from amazon
2024-10-29 15:56:29,217 - INFO - Successfully retrieved data for ISBN 9789782480897 from fallback sources
2024-10-29 15:56:37,803 - INFO - Saved book information for ISBN 9789782905260 from amazon
2024-10-29 15:56:37,804 - INFO - Successfully retrieved data for ISBN 9789782905260 from fallback sources
2024-10-29 15:56:46,098 - INFO - Saved book information for ISBN 9789782905970 from amazon
2024-10-29 15:56:46,099 - INFO - Successfully retrieved data for ISBN 9789782905970 from fallback sources
2024-10-29 15:56:47,381 - WARNING - Failed to retrieve data for ISBN A9782905194A from fallback sources
2024-10-29 15:56:56,931 - INFO - Saved book information for ISBN 9789782480415 from amazon
2024-10-29 15:56:56,931 - INFO - Successfully retrieved data for ISBN 9789782480415 from fallback sources
2024-10-29 15:57:04,406 - WARNING - Failed to retrieve data for ISBN 9789782480736 from fallback sources
2024-10-29 15:57:14,271 - INFO - Saved book information for ISBN A9782480878A from amazon
2024-10-29 15:57:14,271 - INFO - Successfully retrieved data for ISBN A9782480878A from fallback sources
2024-10-29 15:57:22,859 - INFO - Saved book information for ISBN 9789782905956 from amazon
2024-10-29 15:57:22,861 - INFO - Successfully retrieved data for ISBN 9789782905956 from fallback sources
2024-10-29 15:57:23,822 - WARNING - Failed to retrieve data for ISBN 9789782480125 from fallback sources
2024-10-29 15:57:35,548 - WARNING - Failed to retrieve data for ISBN 9789782480880 from fallback sources
2024-10-29 15:57:48,378 - INFO - Saved book information for ISBN 9789782480897 from amazon
2024-10-29 15:57:48,379 - INFO - Successfully retrieved data for ISBN 9789782480897 from fallback sources
2024-10-29 15:57:49,697 - WARNING - Failed to retrieve data for ISBN 9789782480002 from fallback sources
2024-10-29 15:57:57,300 - WARNING - Failed to retrieve data for ISBN 9789782905574 from fallback sources
2024-10-29 15:58:07,257 - INFO - Saved book information for ISBN 9781908040596 from amazon
2024-10-29 15:58:07,258 - INFO - Successfully retrieved data for ISBN 9781908040596 from fallback sources
2024-10-29 15:58:17,560 - INFO - Saved book information for ISBN 9781606838730 from amazon
2024-10-29 15:58:17,560 - INFO - Successfully retrieved data for ISBN 9781606838730 from fallback sources
2024-10-29 15:58:19,669 - WARNING - Failed to retrieve data for ISBN 9781907406348 from fallback sources
2024-10-29 15:58:28,107 - INFO - Saved book information for ISBN 9781606833445 from amazon
2024-10-29 15:58:28,108 - INFO - Successfully retrieved data for ISBN 9781606833445 from fallback sources
2024-10-29 15:58:36,409 - INFO - Saved book information for ISBN 9788173620720 from amazon
2024-10-29 15:58:36,410 - INFO - Successfully retrieved data for ISBN 9788173620720 from fallback sources
2024-10-29 15:58:46,692 - INFO - Saved book information for ISBN 9781591858812 from amazon
2024-10-29 15:58:46,692 - INFO - Successfully retrieved data for ISBN 9781591858812 from fallback sources
2024-10-29 15:58:53,961 - INFO - Saved book information for ISBN 9781599794525 from amazon
2024-10-29 15:58:53,961 - INFO - Successfully retrieved data for ISBN 9781599794525 from fallback sources
2024-10-29 15:59:02,706 - WARNING - Failed to retrieve data for ISBN 9780884193739 from fallback sources
2024-10-29 15:59:04,658 - WARNING - Failed to retrieve data for ISBN 9789662280586 from fallback sources
2024-10-29 15:59:14,083 - INFO - Saved book information for ISBN 9781590524756 from amazon
2024-10-29 15:59:14,083 - INFO - Successfully retrieved data for ISBN 9781590524756 from fallback sources
2024-10-29 15:59:15,132 - WARNING - Failed to retrieve data for ISBN 9781907406133 from fallback sources
2024-10-29 15:59:24,685 - INFO - Saved book information for ISBN 9780736915076 from amazon
2024-10-29 15:59:24,685 - INFO - Successfully retrieved data for ISBN 9780736915076 from fallback sources
2024-10-29 15:59:26,261 - WARNING - Failed to retrieve data for ISBN 9781907406300 from fallback sources
2024-10-29 15:59:34,936 - WARNING - Failed to retrieve data for ISBN 9781404104914 from fallback sources
2024-10-29 15:59:44,083 - INFO - Saved book information for ISBN 9780310446828 from amazon
2024-10-29 15:59:44,084 - INFO - Successfully retrieved data for ISBN 9780310446828 from fallback sources
2024-10-29 15:59:45,689 - WARNING - Failed to retrieve data for ISBN 9781587122224 from fallback sources
2024-10-29 15:59:47,240 - WARNING - Failed to retrieve data for ISBN 9789780592561 from fallback sources
2024-10-29 15:59:56,307 - INFO - Saved book information for ISBN 9781496411617 from amazon
2024-10-29 15:59:56,307 - INFO - Successfully retrieved data for ISBN 9781496411617 from fallback sources
2024-10-29 15:59:57,589 - WARNING - Failed to retrieve data for ISBN 9789993773566 from fallback sources
2024-10-29 16:00:07,477 - INFO - Saved book information for ISBN 9781414307176 from amazon
2024-10-29 16:00:07,478 - INFO - Successfully retrieved data for ISBN 9781414307176 from fallback sources
2024-10-29 16:00:16,041 - INFO - Saved book information for ISBN 9781934655429 from amazon
2024-10-29 16:00:16,043 - INFO - Successfully retrieved data for ISBN 9781934655429 from fallback sources
2024-10-29 16:00:25,332 - INFO - Saved book information for ISBN 9780310918943 from amazon
2024-10-29 16:00:25,332 - INFO - Successfully retrieved data for ISBN 9780310918943 from fallback sources
2024-10-29 16:00:34,382 - INFO - Saved book information for ISBN 9780446559348 from amazon
2024-10-29 16:00:34,383 - INFO - Successfully retrieved data for ISBN 9780446559348 from fallback sources
2024-10-29 16:00:43,197 - INFO - Saved book information for ISBN 9781433604836 from amazon
2024-10-29 16:00:43,198 - INFO - Successfully retrieved data for ISBN 9781433604836 from fallback sources
2024-10-29 16:00:51,703 - INFO - Saved book information for ISBN 9780310927853 from amazon
2024-10-29 16:00:51,703 - INFO - Successfully retrieved data for ISBN 9780310927853 from fallback sources
2024-10-29 16:01:01,242 - INFO - Saved book information for ISBN 9781586401344 from amazon
2024-10-29 16:01:01,243 - INFO - Successfully retrieved data for ISBN 9781586401344 from fallback sources
2024-10-29 16:01:03,323 - WARNING - Failed to retrieve data for ISBN 19781586401344 from fallback sources
2024-10-29 16:01:04,462 - WARNING - Failed to retrieve data for ISBN 9781587122620 from fallback sources
2024-10-29 16:01:15,043 - INFO - Saved book information for ISBN 9781941449035 from amazon
2024-10-29 16:01:15,043 - INFO - Successfully retrieved data for ISBN 9781941449035 from fallback sources
2024-10-29 16:01:16,411 - WARNING - Failed to retrieve data for ISBN 9781404108882 from fallback sources
2024-10-29 16:01:17,563 - WARNING - Failed to retrieve data for ISBN 9781587122439 from fallback sources
2024-10-29 16:01:18,593 - WARNING - Failed to retrieve data for ISBN 9788772032740 from fallback sources
2024-10-29 16:01:19,994 - WARNING - Failed to retrieve data for ISBN 9780866600637 from fallback sources
2024-10-29 16:01:29,401 - INFO - Saved book information for ISBN 9788531113086 from amazon
2024-10-29 16:01:29,404 - INFO - Successfully retrieved data for ISBN 9788531113086 from fallback sources
2024-10-29 16:01:30,342 - WARNING - Failed to retrieve data for ISBN 9789780592561 from fallback sources
2024-10-29 16:01:31,622 - WARNING - Failed to retrieve data for ISBN 9781587122446 from fallback sources
2024-10-29 16:01:40,765 - INFO - Saved book information for ISBN 9788772472775 from amazon
2024-10-29 16:01:40,766 - INFO - Successfully retrieved data for ISBN 9788772472775 from fallback sources
2024-10-29 16:01:49,327 - INFO - Saved book information for ISBN 9781680310399 from amazon
2024-10-29 16:01:49,327 - INFO - Successfully retrieved data for ISBN 9781680310399 from fallback sources
2024-10-29 16:01:50,695 - WARNING - Failed to retrieve data for ISBN 21613180 from fallback sources
2024-10-29 16:02:00,090 - INFO - Saved book information for ISBN 9780883686515 from amazon
2024-10-29 16:02:00,091 - INFO - Successfully retrieved data for ISBN 9780883686515 from fallback sources
2024-10-29 16:02:09,874 - INFO - Saved book information for ISBN 9780764225611 from amazon
2024-10-29 16:02:09,874 - INFO - Successfully retrieved data for ISBN 9780764225611 from fallback sources
2024-10-29 16:02:18,138 - WARNING - Failed to retrieve data for ISBN 9781934770405 from fallback sources
2024-10-29 16:02:19,322 - WARNING - Failed to retrieve data for ISBN 8901870006555 from fallback sources
2024-10-29 16:02:29,565 - INFO - Saved book information for ISBN 9788772476957 from amazon
2024-10-29 16:02:29,566 - INFO - Successfully retrieved data for ISBN 9788772476957 from fallback sources
2024-10-29 16:02:37,974 - INFO - Saved book information for ISBN 9788772476926 from amazon
2024-10-29 16:02:37,975 - INFO - Successfully retrieved data for ISBN 9788772476926 from fallback sources
2024-10-29 16:02:47,457 - INFO - Saved book information for ISBN 9788772032108 from amazon
2024-10-29 16:02:47,458 - INFO - Successfully retrieved data for ISBN 9788772032108 from fallback sources
2024-10-29 16:02:55,783 - INFO - Saved book information for ISBN 9780399541285 from amazon
2024-10-29 16:02:55,783 - INFO - Successfully retrieved data for ISBN 9780399541285 from fallback sources
2024-10-29 16:02:57,345 - WARNING - Failed to retrieve data for ISBN 9788792105837 from fallback sources
2024-10-29 16:02:58,460 - WARNING - Failed to retrieve data for ISBN 9788772031637 from fallback sources
2024-10-29 16:03:07,070 - INFO - Saved book information for ISBN 9781848799233 from amazon
2024-10-29 16:03:07,072 - INFO - Successfully retrieved data for ISBN 9781848799233 from fallback sources
2024-10-29 16:03:14,722 - WARNING - Failed to retrieve data for ISBN 9781434708885 from fallback sources
2024-10-29 16:03:15,762 - WARNING - Failed to retrieve data for ISBN 9789788437000 from fallback sources
2024-10-29 16:03:17,055 - WARNING - Failed to retrieve data for ISBN 9789788539254 from fallback sources
2024-10-29 16:03:18,740 - WARNING - Failed to retrieve data for ISBN 9788792105691 from fallback sources
2024-10-29 16:03:19,942 - WARNING - Failed to retrieve data for ISBN 9780564091041 from fallback sources
2024-10-29 16:03:21,202 - WARNING - Failed to retrieve data for ISBN 9781632641083 from fallback sources
2024-10-29 16:03:31,049 - INFO - Saved book information for ISBN 9781602140127 from amazon
2024-10-29 16:03:31,049 - INFO - Successfully retrieved data for ISBN 9781602140127 from fallback sources
2024-10-29 16:03:40,048 - INFO - Saved book information for ISBN 9780755489626 from amazon
2024-10-29 16:03:40,049 - INFO - Successfully retrieved data for ISBN 9780755489626 from fallback sources
2024-10-29 16:03:50,202 - INFO - Saved book information for ISBN 9781405248372 from amazon
2024-10-29 16:03:50,202 - INFO - Successfully retrieved data for ISBN 9781405248372 from fallback sources
2024-10-29 16:03:59,180 - INFO - Saved book information for ISBN 9781848792098 from amazon
2024-10-29 16:03:59,182 - INFO - Successfully retrieved data for ISBN 9781848792098 from fallback sources
2024-10-29 16:04:00,220 - WARNING - Failed to retrieve data for ISBN 8901870009617 from fallback sources
2024-10-29 16:04:02,304 - WARNING - Failed to retrieve data for ISBN 9781431300457 from fallback sources
2024-10-29 16:04:04,099 - WARNING - Failed to retrieve data for ISBN 9781431300488 from fallback sources
2024-10-29 16:04:13,390 - WARNING - Failed to retrieve data for ISBN 9781782355175 from fallback sources
2024-10-29 16:04:22,059 - WARNING - Failed to retrieve data for ISBN 9781408855157 from fallback sources
2024-10-29 16:04:30,610 - WARNING - Failed to retrieve data for ISBN 9781780653334 from fallback sources
2024-10-29 16:04:40,374 - INFO - Saved book information for ISBN 9781616262990 from amazon
2024-10-29 16:04:40,375 - INFO - Successfully retrieved data for ISBN 9781616262990 from fallback sources
2024-10-29 16:04:49,814 - INFO - Saved book information for ISBN 9781616262983 from amazon
2024-10-29 16:04:49,814 - INFO - Successfully retrieved data for ISBN 9781616262983 from fallback sources
2024-10-29 16:04:59,307 - INFO - Saved book information for ISBN 9789383665884 from amazon
2024-10-29 16:04:59,308 - INFO - Successfully retrieved data for ISBN 9789383665884 from fallback sources
2024-10-29 16:05:07,919 - WARNING - Failed to retrieve data for ISBN 9789383665440 from fallback sources
2024-10-29 16:05:16,567 - WARNING - Failed to retrieve data for ISBN 9789380025247 from fallback sources
2024-10-29 16:05:17,947 - WARNING - Failed to retrieve data for ISBN 9781851284702 from fallback sources
2024-10-29 16:05:28,927 - WARNING - Failed to retrieve data for ISBN 9789380025261 from fallback sources
2024-10-29 16:05:36,623 - INFO - Saved book information for ISBN 9789383665464 from amazon
2024-10-29 16:05:36,624 - INFO - Successfully retrieved data for ISBN 9789383665464 from fallback sources
2024-10-29 16:05:45,472 - INFO - Saved book information for ISBN 9781781713884 from amazon
2024-10-29 16:05:45,472 - INFO - Successfully retrieved data for ISBN 9781781713884 from fallback sources
2024-10-29 16:05:54,936 - INFO - Saved book information for ISBN 9789383665778 from amazon
2024-10-29 16:05:54,936 - INFO - Successfully retrieved data for ISBN 9789383665778 from fallback sources
2024-10-29 16:06:04,328 - INFO - Saved book information for ISBN 9789383665785 from amazon
2024-10-29 16:06:04,328 - INFO - Successfully retrieved data for ISBN 9789383665785 from fallback sources
2024-10-29 16:06:13,129 - WARNING - Failed to retrieve data for ISBN 9789380025315 from fallback sources
2024-10-29 16:06:22,748 - INFO - Saved book information for ISBN 9789380025339 from amazon
2024-10-29 16:06:22,748 - INFO - Successfully retrieved data for ISBN 9789380025339 from fallback sources
2024-10-29 16:06:33,328 - INFO - Saved book information for ISBN 9780754819363 from amazon
2024-10-29 16:06:33,329 - INFO - Successfully retrieved data for ISBN 9780754819363 from fallback sources
2024-10-29 16:06:34,840 - WARNING - Failed to retrieve data for ISBN 9788176142861 from fallback sources
2024-10-29 16:06:44,176 - INFO - Saved book information for ISBN 9780570052234 from amazon
2024-10-29 16:06:44,176 - INFO - Successfully retrieved data for ISBN 9780570052234 from fallback sources
2024-10-29 16:06:45,510 - WARNING - Failed to retrieve data for ISBN 9788178134901 from fallback sources
2024-10-29 16:06:54,403 - INFO - Saved book information for ISBN 9780784722442 from amazon
2024-10-29 16:06:54,404 - INFO - Successfully retrieved data for ISBN 9780784722442 from fallback sources
2024-10-29 16:06:55,402 - WARNING - Failed to retrieve data for ISBN 9781781713815 from fallback sources
2024-10-29 16:07:03,116 - INFO - Saved book information for ISBN 9781781713846 from amazon
2024-10-29 16:07:03,117 - INFO - Successfully retrieved data for ISBN 9781781713846 from fallback sources
2024-10-29 16:07:11,484 - INFO - Saved book information for ISBN 9781781713877 from amazon
2024-10-29 16:07:11,484 - INFO - Successfully retrieved data for ISBN 9781781713877 from fallback sources
2024-10-29 16:07:13,219 - WARNING - Failed to retrieve data for ISBN 9780755489480 from fallback sources
2024-10-29 16:07:20,062 - WARNING - Failed to retrieve data for ISBN 9781559763264 from fallback sources
2024-10-29 16:07:21,757 - WARNING - Failed to retrieve data for ISBN 9781559764124 from fallback sources
2024-10-29 16:07:23,308 - WARNING - Failed to retrieve data for ISBN 9781847509796 from fallback sources
2024-10-29 16:07:25,191 - WARNING - Failed to retrieve data for ISBN 9789785103410 from fallback sources
2024-10-29 16:07:26,819 - WARNING - Failed to retrieve data for ISBN 9789785103441 from fallback sources
2024-10-29 16:07:34,178 - INFO - Saved book information for ISBN 9781559764063 from amazon
2024-10-29 16:07:34,179 - INFO - Successfully retrieved data for ISBN 9781559764063 from fallback sources
2024-10-29 16:07:35,312 - WARNING - Failed to retrieve data for ISBN 9781559763141 from fallback sources
2024-10-29 16:07:43,539 - WARNING - Failed to retrieve data for ISBN 9780825472077 from fallback sources
2024-10-29 16:07:52,635 - WARNING - Failed to retrieve data for ISBN 9781847506788 from fallback sources
2024-10-29 16:07:59,897 - WARNING - Failed to retrieve data for ISBN 9780857266316 from fallback sources
2024-10-29 16:08:07,835 - INFO - Saved book information for ISBN 9780857266330 from amazon
2024-10-29 16:08:07,835 - INFO - Successfully retrieved data for ISBN 9780857266330 from fallback sources
2024-10-29 16:08:15,857 - WARNING - Failed to retrieve data for ISBN 9789350893951 from fallback sources
2024-10-29 16:08:23,619 - INFO - Saved book information for ISBN 9789350893982 from amazon
2024-10-29 16:08:23,620 - INFO - Successfully retrieved data for ISBN 9789350893982 from fallback sources
2024-10-29 16:08:31,969 - INFO - Saved book information for ISBN 9789350893975 from amazon
2024-10-29 16:08:31,969 - INFO - Successfully retrieved data for ISBN 9789350893975 from fallback sources
2024-10-29 16:08:33,804 - WARNING - Failed to retrieve data for ISBN 6938486732471 from fallback sources
2024-10-29 16:08:42,224 - INFO - Saved book information for ISBN 9781848799585 from amazon
2024-10-29 16:08:42,224 - INFO - Successfully retrieved data for ISBN 9781848799585 from fallback sources
2024-10-29 16:08:51,011 - INFO - Saved book information for ISBN 9780754809975 from amazon
2024-10-29 16:08:51,013 - INFO - Successfully retrieved data for ISBN 9780754809975 from fallback sources
2024-10-29 16:08:58,922 - INFO - Saved book information for ISBN 9789350893968 from amazon
2024-10-29 16:08:58,923 - INFO - Successfully retrieved data for ISBN 9789350893968 from fallback sources
2024-10-29 16:09:06,452 - INFO - Saved book information for ISBN 9789350895566 from amazon
2024-10-29 16:09:06,453 - INFO - Successfully retrieved data for ISBN 9789350895566 from fallback sources
2024-10-29 16:09:14,236 - WARNING - Failed to retrieve data for ISBN 9789350895559 from fallback sources
2024-10-29 16:09:22,784 - INFO - Saved book information for ISBN 9789350895580 from amazon
2024-10-29 16:09:22,784 - INFO - Successfully retrieved data for ISBN 9789350895580 from fallback sources
2024-10-29 16:09:30,468 - WARNING - Failed to retrieve data for ISBN 9789783851559 from fallback sources
2024-10-29 16:09:41,119 - INFO - Saved book information for ISBN 9789789567720 from amazon
2024-10-29 16:09:41,120 - INFO - Successfully retrieved data for ISBN 9789789567720 from fallback sources
2024-10-29 16:09:49,458 - INFO - Saved book information for ISBN 9788183222839 from amazon
2024-10-29 16:09:49,459 - INFO - Successfully retrieved data for ISBN 9788183222839 from fallback sources
2024-10-29 16:09:51,370 - WARNING - Failed to retrieve data for ISBN 8882185856113 from fallback sources
2024-10-29 16:10:01,160 - WARNING - Failed to retrieve data for ISBN 9789789327836 from fallback sources
2024-10-29 16:10:12,116 - INFO - Saved book information for ISBN 9789789327836 from amazon
2024-10-29 16:10:12,116 - INFO - Successfully retrieved data for ISBN 9789789327836 from fallback sources
2024-10-29 16:10:22,054 - INFO - Saved book information for ISBN 9789785027600 from amazon
2024-10-29 16:10:22,055 - INFO - Successfully retrieved data for ISBN 9789785027600 from fallback sources
2024-10-29 16:10:23,304 - WARNING - Failed to retrieve data for ISBN 9789789174171 from fallback sources
2024-10-29 16:10:32,497 - WARNING - Failed to retrieve data for ISBN 9789780889173 from fallback sources
2024-10-29 16:10:41,505 - INFO - Saved book information for ISBN 9780768441413 from amazon
2024-10-29 16:10:41,506 - INFO - Successfully retrieved data for ISBN 9780768441413 from fallback sources
2024-10-29 16:10:50,057 - INFO - Saved book information for ISBN 9781598566178 from amazon
2024-10-29 16:10:50,057 - INFO - Successfully retrieved data for ISBN 9781598566178 from fallback sources
2024-10-29 16:10:58,677 - INFO - Saved book information for ISBN 9780884199663 from amazon
2024-10-29 16:10:58,678 - INFO - Successfully retrieved data for ISBN 9780884199663 from fallback sources
2024-10-29 16:11:08,387 - INFO - Saved book information for ISBN 9780768418576 from amazon
2024-10-29 16:11:08,388 - INFO - Successfully retrieved data for ISBN 9780768418576 from fallback sources
2024-10-29 16:11:17,674 - INFO - Saved book information for ISBN 9781565073326 from amazon
2024-10-29 16:11:17,675 - INFO - Successfully retrieved data for ISBN 9781565073326 from fallback sources
2024-10-29 16:11:18,841 - WARNING - Failed to retrieve data for ISBN 9781591750048 from fallback sources
2024-10-29 16:11:26,744 - INFO - Saved book information for ISBN 9781629116204 from amazon
2024-10-29 16:11:26,744 - INFO - Successfully retrieved data for ISBN 9781629116204 from fallback sources
2024-10-29 16:11:37,623 - INFO - Saved book information for ISBN 9781589199989 from amazon
2024-10-29 16:11:37,623 - INFO - Successfully retrieved data for ISBN 9781589199989 from fallback sources
2024-10-29 16:11:45,819 - INFO - Saved book information for ISBN 9780310319061 from amazon
2024-10-29 16:11:45,819 - INFO - Successfully retrieved data for ISBN 9780310319061 from fallback sources
2024-10-29 16:11:54,716 - INFO - Saved book information for ISBN 9781414336480 from amazon
2024-10-29 16:11:54,716 - INFO - Successfully retrieved data for ISBN 9781414336480 from fallback sources
2024-10-29 16:12:04,612 - INFO - Saved book information for ISBN 9780882708287 from amazon
2024-10-29 16:12:04,612 - INFO - Successfully retrieved data for ISBN 9780882708287 from fallback sources
2024-10-29 16:12:13,836 - INFO - Saved book information for ISBN 9780884195603 from amazon
2024-10-29 16:12:13,836 - INFO - Successfully retrieved data for ISBN 9780884195603 from fallback sources
2024-10-29 16:12:23,343 - WARNING - Failed to retrieve data for ISBN 9780768426618 from fallback sources
2024-10-29 16:12:31,243 - WARNING - Failed to retrieve data for ISBN 9780768422610 from fallback sources
2024-10-29 16:12:40,700 - INFO - Saved book information for ISBN 9780884199427 from amazon
2024-10-29 16:12:40,700 - INFO - Successfully retrieved data for ISBN 9780884199427 from fallback sources
2024-10-29 16:12:50,823 - WARNING - Failed to retrieve data for ISBN 9780882700236 from fallback sources
2024-10-29 16:13:00,494 - WARNING - Failed to retrieve data for ISBN 9780768421231 from fallback sources
2024-10-29 16:13:10,612 - INFO - Saved book information for ISBN 9780883688717 from amazon
2024-10-29 16:13:10,612 - INFO - Successfully retrieved data for ISBN 9780883688717 from fallback sources
2024-10-29 16:13:18,664 - INFO - Saved book information for ISBN 9780892769681 from amazon
2024-10-29 16:13:18,664 - INFO - Successfully retrieved data for ISBN 9780892769681 from fallback sources
2024-10-29 16:13:27,955 - INFO - Saved book information for ISBN 9780736915915 from amazon
2024-10-29 16:13:27,955 - INFO - Successfully retrieved data for ISBN 9780736915915 from fallback sources
2024-10-29 16:13:38,707 - INFO - Saved book information for ISBN 9781577949749 from amazon
2024-10-29 16:13:38,707 - INFO - Successfully retrieved data for ISBN 9781577949749 from fallback sources
2024-10-29 16:13:48,967 - INFO - Saved book information for ISBN 9780736937818 from amazon
2024-10-29 16:13:48,968 - INFO - Successfully retrieved data for ISBN 9780736937818 from fallback sources
2024-10-29 16:13:58,252 - INFO - Saved book information for ISBN 9780633152505 from amazon
2024-10-29 16:13:58,253 - INFO - Successfully retrieved data for ISBN 9780633152505 from fallback sources
2024-10-29 16:13:59,971 - WARNING - Failed to retrieve data for ISBN 9781907406300 from fallback sources
2024-10-29 16:13:59,972 - INFO - Fallback processing complete. Retrieved 129/235 books
